{"level":"info","message":{"browser":["Ubuntu","Chrome","22.04.4"],"helloMsg":{"clientHello":{"ephemeral":"gXLKCpYdV5SaBBthjjLH79L/rYRKl996+kzQL71DiDc="}}},"timestamp":"2026-04-29T03:44:18.673Z"}
{"connection":"connecting","hasPairingCode":false,"hasQR":false,"level":"info","message":"connection.update","source":"whatsapp-stable","timestamp":"2026-04-29T09:12:15.850Z"}
{"hasPairingCode":false,"hasQR":false,"level":"info","message":"connection.update","source":"whatsapp-stable","timestamp":"2026-04-29T09:12:17.225Z"}
{"hasPairingCode":false,"hasQR":false,"level":"info","message":"connection.update","source":"whatsapp-stable","timestamp":"2026-04-29T09:12:17.615Z"}
{"connection":"open","hasPairingCode":false,"hasQR":false,"level":"info","message":"connection.update","source":"whatsapp-stable","timestamp":"2026-04-29T09:12:17.617Z"}
{"connection":"close","hasPairingCode":false,"hasQR":false,"level":"info","message":"connection.update","source":"whatsapp-stable","timestamp":"2026-04-29T10:02:18.973Z"}
{"connection":"connecting","hasPairingCode":false,"hasQR":false,"level":"info","message":"connection.update","source":"whatsapp-stable","timestamp":"2026-04-29T10:02:29.132Z"}
{"hasPairingCode":false,"hasQR":false,"level":"info","message":"connection.update","source":"whatsapp-stable","timestamp":"2026-04-29T10:02:30.229Z"}
{"hasPairingCode":false,"hasQR":false,"level":"info","message":"connection.update","source":"whatsapp-stable","timestamp":"2026-04-29T10:02:31.086Z"}
{"connection":"open","hasPairingCode":false,"hasQR":false,"level":"info","message":"connection.update","source":"whatsapp-stable","timestamp":"2026-04-29T10:02:31.091Z"}
{"connection":"connecting","hasPairingCode":false,"hasQR":false,"level":"info","message":"connection.update","source":"whatsapp-stable","timestamp":"2026-04-29T10:39:31.524Z"}
{"hasPairingCode":false,"hasQR":false,"level":"info","message":"connection.update","source":"whatsapp-stable","timestamp":"2026-04-29T10:39:32.565Z"}
{"hasPairingCode":false,"hasQR":false,"level":"info","message":"connection.update","source":"whatsapp-stable","timestamp":"2026-04-29T10:39:33.065Z"}
{"connection":"open","hasPairingCode":false,"hasQR":false,"level":"info","message":"connection.update","source":"whatsapp-stable","timestamp":"2026-04-29T10:39:33.084Z"}
{"connection":"connecting","hasPairingCode":false,"hasQR":false,"level":"info","message":"connection.update","source":"whatsapp-stable","timestamp":"2026-04-29T10:52:00.413Z"}
{"hasPairingCode":false,"hasQR":false,"level":"info","message":"connection.update","source":"whatsapp-stable","timestamp":"2026-04-29T10:52:01.615Z"}
{"hasPairingCode":false,"hasQR":false,"level":"info","message":"connection.update","source":"whatsapp-stable","timestamp":"2026-04-29T10:52:01.959Z"}
{"connection":"open","hasPairingCode":false,"hasQR":false,"level":"info","message":"connection.update","source":"whatsapp-stable","timestamp":"2026-04-29T10:52:01.960Z"}
{"connection":"connecting","hasPairingCode":false,"hasQR":false,"level":"info","message":"connection.update","source":"whatsapp-stable","timestamp":"2026-04-29T11:05:23.490Z"}
{"hasPairingCode":false,"hasQR":false,"level":"info","message":"connection.update","source":"whatsapp-stable","timestamp":"2026-04-29T11:05:24.970Z"}
{"hasPairingCode":false,"hasQR":false,"level":"info","message":"connection.update","source":"whatsapp-stable","timestamp":"2026-04-29T11:05:25.273Z"}
{"connection":"open","hasPairingCode":false,"hasQR":false,"level":"info","message":"connection.update","source":"whatsapp-stable","timestamp":"2026-04-29T11:05:25.282Z"}
{"connection":"close","hasPairingCode":false,"hasQR":false,"level":"info","message":"connection.update","source":"whatsapp-stable","timestamp":"2026-04-29T11:55:26.221Z"}
{"connection":"connecting","hasPairingCode":false,"hasQR":false,"level":"info","message":"connection.update","source":"whatsapp-stable","timestamp":"2026-04-29T11:55:36.425Z"}
{"hasPairingCode":false,"hasQR":false,"level":"info","message":"connection.update","source":"whatsapp-stable","timestamp":"2026-04-29T11:55:37.632Z"}
{"hasPairingCode":false,"hasQR":false,"level":"info","message":"connection.update","source":"whatsapp-stable","timestamp":"2026-04-29T11:55:38.902Z"}
{"connection":"open","hasPairingCode":false,"hasQR":false,"level":"info","message":"connection.update","source":"whatsapp-stable","timestamp":"2026-04-29T11:55:38.903Z"}
{"connection":"close","hasPairingCode":false,"hasQR":false,"level":"info","message":"connection.update","source":"whatsapp-stable","timestamp":"2026-04-29T12:45:38.866Z"}
{"connection":"connecting","hasPairingCode":false,"hasQR":false,"level":"info","message":"connection.update","source":"whatsapp-stable","timestamp":"2026-04-29T12:45:49.275Z"}
{"hasPairingCode":false,"hasQR":false,"level":"info","message":"connection.update","source":"whatsapp-stable","timestamp":"2026-04-29T12:45:50.280Z"}
{"hasPairingCode":false,"hasQR":false,"level":"info","message":"connection.update","source":"whatsapp-stable","timestamp":"2026-04-29T12:45:50.691Z"}
{"connection":"open","hasPairingCode":false,"hasQR":false,"level":"info","message":"connection.update","source":"whatsapp-stable","timestamp":"2026-04-29T12:45:50.693Z"}
{"connection":"connecting","hasPairingCode":false,"hasQR":false,"level":"info","message":"connection.update","source":"whatsapp-stable","timestamp":"2026-04-29T13:29:45.379Z"}
{"hasPairingCode":false,"hasQR":false,"level":"info","message":"connection.update","source":"whatsapp-stable","timestamp":"2026-04-29T13:29:46.442Z"}
{"hasPairingCode":false,"hasQR":false,"level":"info","message":"connection.update","source":"whatsapp-stable","timestamp":"2026-04-29T13:29:46.759Z"}
{"connection":"open","hasPairingCode":false,"hasQR":false,"level":"info","message":"connection.update","source":"whatsapp-stable","timestamp":"2026-04-29T13:29:46.760Z"}
{"fromMe":false,"hasMessage":true,"level":"info","message":"incoming_message","messageType":"senderKeyDistributionMessage","remoteJid":"status@broadcast","source":"whatsapp-stable","timestamp":"2026-04-29T13:29:53.837Z"}
{"level":"info","message":"message_processing_start","messageId":"AC46A096C7C768696F96538234B76E65","processingUsersCount":0,"source":"whatsapp-stable","textLength":53,"timestamp":"2026-04-29T13:29:53.838Z","userId":"status@broadcast"}
{"fromMe":true,"hasMessage":true,"level":"info","message":"incoming_message","messageType":"extendedTextMessage","remoteJid":"status@broadcast","source":"whatsapp-stable","timestamp":"2026-04-29T13:30:57.147Z"}
{"fromMe":false,"hasMessage":true,"level":"info","message":"incoming_message","messageType":"senderKeyDistributionMessage","remoteJid":"120363329766627991@g.us","source":"whatsapp-stable","timestamp":"2026-04-29T13:34:46.549Z"}
{"level":"info","message":"message_processing_start","messageId":"AC7C4D69DFF32D62466D2331C5745E0E","processingUsersCount":0,"source":"whatsapp-stable","textLength":809,"timestamp":"2026-04-29T13:34:46.551Z","userId":"120363329766627991@g.us"}
{"fromMe":true,"hasMessage":true,"level":"info","message":"incoming_message","messageType":"extendedTextMessage","remoteJid":"120363329766627991@g.us","source":"whatsapp-stable","timestamp":"2026-04-29T13:34:49.169Z"}
{"fromMe":false,"hasMessage":true,"level":"info","message":"incoming_message","messageType":"extendedTextMessage","remoteJid":"120363329766627991@g.us","source":"whatsapp-stable","timestamp":"2026-04-29T13:34:49.170Z"}
{"fromMe":false,"hasMessage":true,"level":"info","message":"incoming_message","messageType":"senderKeyDistributionMessage","remoteJid":"status@broadcast","source":"whatsapp-stable","timestamp":"2026-04-29T13:36:45.183Z"}
{"fromMe":false,"hasMessage":true,"level":"info","message":"incoming_message","messageType":"videoMessage","remoteJid":"status@broadcast","source":"whatsapp-stable","timestamp":"2026-04-29T13:36:46.507Z"}
{"fromMe":false,"hasMessage":true,"level":"info","message":"incoming_message","messageType":"videoMessage","remoteJid":"status@broadcast","source":"whatsapp-stable","timestamp":"2026-04-29T13:36:55.639Z"}
{"fromMe":false,"hasMessage":true,"level":"info","message":"incoming_message","messageType":"videoMessage","remoteJid":"status@broadcast","source":"whatsapp-stable","timestamp":"2026-04-29T13:36:56.353Z"}
{"fromMe":false,"hasMessage":true,"level":"info","message":"incoming_message","messageType":"videoMessage","remoteJid":"status@broadcast","source":"whatsapp-stable","timestamp":"2026-04-29T13:36:57.132Z"}
{"fromMe":false,"hasMessage":false,"level":"info","message":"incoming_message","messageType":"none","remoteJid":"status@broadcast","source":"whatsapp-stable","timestamp":"2026-04-29T13:40:44.479Z"}
{"fromMe":true,"hasMessage":true,"level":"info","message":"incoming_message","messageType":"protocolMessage","remoteJid":"919888601933@s.whatsapp.net","source":"whatsapp-stable","timestamp":"2026-04-29T13:40:51.549Z"}
{"fromMe":false,"hasMessage":true,"level":"info","message":"incoming_message","messageType":"videoMessage","remoteJid":"status@broadcast","source":"whatsapp-stable","timestamp":"2026-04-29T13:40:52.059Z"}
{"fromMe":false,"hasMessage":true,"level":"info","message":"incoming_message","messageType":"senderKeyDistributionMessage","remoteJid":"120363040001136790@g.us","source":"whatsapp-stable","timestamp":"2026-04-29T13:47:04.331Z"}
{"fromMe":false,"hasMessage":true,"level":"info","message":"incoming_message","messageType":"senderKeyDistributionMessage","remoteJid":"status@broadcast","source":"whatsapp-stable","timestamp":"2026-04-29T13:47:06.469Z"}
{"level":"info","message":"message_processing_start","messageId":"ACCE5C1F56A3F65C4F9BFAC046BBF62B","processingUsersCount":0,"source":"whatsapp-stable","textLength":4,"timestamp":"2026-04-29T13:47:06.470Z","userId":"status@broadcast"}
{"fromMe":true,"hasMessage":true,"level":"info","message":"incoming_message","messageType":"extendedTextMessage","remoteJid":"status@broadcast","source":"whatsapp-stable","timestamp":"2026-04-29T13:47:37.715Z"}
{"fromMe":false,"hasMessage":true,"level":"info","message":"incoming_message","messageType":"senderKeyDistributionMessage","remoteJid":"status@broadcast","source":"whatsapp-stable","timestamp":"2026-04-29T13:47:51.736Z"}
{"fromMe":false,"hasMessage":true,"level":"info","message":"incoming_message","messageType":"imageMessage","remoteJid":"status@broadcast","source":"whatsapp-stable","timestamp":"2026-04-29T13:51:08.860Z"}
{"fromMe":false,"hasMessage":true,"level":"info","message":"incoming_message","messageType":"conversation","remoteJid":"119907232518296@lid","source":"whatsapp-stable","timestamp":"2026-04-29T13:51:14.760Z"}
{"level":"info","message":"message_processing_start","messageId":"ACFF16BF8EBFA21B2CB0F4846A94F090","processingUsersCount":0,"source":"whatsapp-stable","textLength":2,"timestamp":"2026-04-29T13:51:14.761Z","userId":"119907232518296@lid"}
{"fromMe":true,"hasMessage":true,"level":"info","message":"incoming_message","messageType":"extendedTextMessage","remoteJid":"119907232518296@lid","source":"whatsapp-stable","timestamp":"2026-04-29T13:51:15.810Z"}
{"fromMe":false,"hasMessage":true,"level":"info","message":"incoming_message","messageType":"conversation","remoteJid":"119907232518296@lid","source":"whatsapp-stable","timestamp":"2026-04-29T13:51:22.501Z"}
{"level":"info","message":"message_processing_start","messageId":"ACAFBCF87BBE1E385C488BD89458B9AA","processingUsersCount":0,"source":"whatsapp-stable","textLength":11,"timestamp":"2026-04-29T13:51:22.501Z","userId":"119907232518296@lid"}
{"fromMe":true,"hasMessage":true,"level":"info","message":"incoming_message","messageType":"extendedTextMessage","remoteJid":"119907232518296@lid","source":"whatsapp-stable","timestamp":"2026-04-29T13:51:23.532Z"}
{"fromMe":false,"hasMessage":true,"level":"info","message":"incoming_message","messageType":"conversation","remoteJid":"119907232518296@lid","source":"whatsapp-stable","timestamp":"2026-04-29T13:51:37.106Z"}
{"level":"info","message":"message_processing_start","messageId":"AC6FDA5E9F073D54AA74EE5FC2420825","processingUsersCount":0,"source":"whatsapp-stable","textLength":5,"timestamp":"2026-04-29T13:51:37.107Z","userId":"119907232518296@lid"}
{"fromMe":true,"hasMessage":true,"level":"info","message":"incoming_message","messageType":"extendedTextMessage","remoteJid":"119907232518296@lid","source":"whatsapp-stable","timestamp":"2026-04-29T13:51:37.992Z"}
{"fromMe":false,"hasMessage":true,"level":"info","message":"incoming_message","messageType":"conversation","remoteJid":"119907232518296@lid","source":"whatsapp-stable","timestamp":"2026-04-29T13:51:58.499Z"}
{"level":"info","message":"message_processing_start","messageId":"ACCCF7421BBC49F44BFB8C62EAAF5B38","processingUsersCount":0,"source":"whatsapp-stable","textLength":26,"timestamp":"2026-04-29T13:51:58.500Z","userId":"119907232518296@lid"}
{"fromMe":true,"hasMessage":true,"level":"info","message":"incoming_message","messageType":"extendedTextMessage","remoteJid":"119907232518296@lid","source":"whatsapp-stable","timestamp":"2026-04-29T13:51:59.523Z"}
{"fromMe":false,"hasMessage":true,"level":"info","message":"incoming_message","messageType":"conversation","remoteJid":"119907232518296@lid","source":"whatsapp-stable","timestamp":"2026-04-29T13:52:15.319Z"}
{"level":"info","message":"message_processing_start","messageId":"ACFB3982483FC721875F6474E3C73227","processingUsersCount":0,"source":"whatsapp-stable","textLength":22,"timestamp":"2026-04-29T13:52:15.320Z","userId":"119907232518296@lid"}
{"fromMe":true,"hasMessage":true,"level":"info","message":"incoming_message","messageType":"extendedTextMessage","remoteJid":"119907232518296@lid","source":"whatsapp-stable","timestamp":"2026-04-29T13:52:16.168Z"}
{"fromMe":false,"hasMessage":true,"level":"info","message":"incoming_message","messageType":"conversation","remoteJid":"119907232518296@lid","source":"whatsapp-stable","timestamp":"2026-04-29T13:52:28.450Z"}
{"level":"info","message":"message_processing_start","messageId":"ACF00813058841FF085EA864323AB117","processingUsersCount":0,"source":"whatsapp-stable","textLength":22,"timestamp":"2026-04-29T13:52:28.451Z","userId":"119907232518296@lid"}
{"fromMe":true,"hasMessage":true,"level":"info","message":"incoming_message","messageType":"extendedTextMessage","remoteJid":"119907232518296@lid","source":"whatsapp-stable","timestamp":"2026-04-29T13:52:29.465Z"}
{"fromMe":false,"hasMessage":false,"level":"info","message":"incoming_message","messageType":"none","remoteJid":"120363402947995591@g.us","source":"whatsapp-stable","timestamp":"2026-04-29T13:54:26.152Z"}
{"fromMe":false,"hasMessage":true,"level":"info","message":"incoming_message","messageType":"extendedTextMessage","remoteJid":"status@broadcast","source":"whatsapp-stable","timestamp":"2026-04-29T13:54:43.605Z"}
{"level":"info","message":"message_processing_start","messageId":"A5F47545346F5FE4561DA4F2D1D091D9","processingUsersCount":0,"source":"whatsapp-stable","textLength":163,"timestamp":"2026-04-29T13:54:43.606Z","userId":"status@broadcast"}
{"fromMe":true,"hasMessage":true,"level":"info","message":"incoming_message","messageType":"extendedTextMessage","remoteJid":"status@broadcast","source":"whatsapp-stable","timestamp":"2026-04-29T13:54:57.115Z"}
{"fromMe":false,"hasMessage":true,"level":"info","message":"incoming_message","messageType":"senderKeyDistributionMessage","remoteJid":"status@broadcast","source":"whatsapp-stable","timestamp":"2026-04-29T13:57:27.563Z"}
{"level":"info","message":"message_processing_start","messageId":"3AAA2C55A920C7B731A1","processingUsersCount":0,"source":"whatsapp-stable","textLength":65,"timestamp":"2026-04-29T13:57:27.563Z","userId":"status@broadcast"}
{"fromMe":true,"hasMessage":true,"level":"info","message":"incoming_message","messageType":"extendedTextMessage","remoteJid":"status@broadcast","source":"whatsapp-stable","timestamp":"2026-04-29T13:58:45.108Z"}
{"fromMe":false,"hasMessage":true,"level":"info","message":"incoming_message","messageType":"senderKeyDistributionMessage","remoteJid":"status@broadcast","source":"whatsapp-stable","timestamp":"2026-04-29T13:58:45.108Z"}
{"fromMe":false,"hasMessage":true,"level":"info","message":"incoming_message","messageType":"senderKeyDistributionMessage","remoteJid":"status@broadcast","source":"whatsapp-stable","timestamp":"2026-04-29T14:01:47.444Z"}
{"level":"info","message":"message_processing_start","messageId":"3ADEDEAC9E333770650E","processingUsersCount":0,"source":"whatsapp-stable","textLength":92,"timestamp":"2026-04-29T14:01:47.444Z","userId":"status@broadcast"}
{"fromMe":true,"hasMessage":true,"level":"info","message":"incoming_message","messageType":"extendedTextMessage","remoteJid":"status@broadcast","source":"whatsapp-stable","timestamp":"2026-04-29T14:01:56.312Z"}
{"fromMe":false,"hasMessage":true,"level":"info","message":"incoming_message","messageType":"senderKeyDistributionMessage","remoteJid":"status@broadcast","source":"whatsapp-stable","timestamp":"2026-04-29T14:10:21.208Z"}
{"level":"info","message":"message_processing_start","messageId":"3AA41075B94A7E4A1F54","processingUsersCount":0,"source":"whatsapp-stable","textLength":65,"timestamp":"2026-04-29T14:10:21.209Z","userId":"status@broadcast"}
{"fromMe":true,"hasMessage":true,"level":"info","message":"incoming_message","messageType":"extendedTextMessage","remoteJid":"status@broadcast","source":"whatsapp-stable","timestamp":"2026-04-29T14:10:35.892Z"}
{"fromMe":false,"hasMessage":true,"level":"info","message":"incoming_message","messageType":"videoMessage","remoteJid":"status@broadcast","source":"whatsapp-stable","timestamp":"2026-04-29T14:10:35.893Z"}
{"fromMe":false,"hasMessage":true,"level":"info","message":"incoming_message","messageType":"senderKeyDistributionMessage","remoteJid":"status@broadcast","source":"whatsapp-stable","timestamp":"2026-04-29T14:10:57.209Z"}
{"fromMe":false,"hasMessage":true,"level":"info","message":"incoming_message","messageType":"extendedTextMessage","remoteJid":"status@broadcast","source":"whatsapp-stable","timestamp":"2026-04-29T14:11:37.003Z"}
{"level":"info","message":"message_processing_start","messageId":"A54515F20039F3D6DAF7A9F5CB8538C8","processingUsersCount":0,"source":"whatsapp-stable","textLength":26,"timestamp":"2026-04-29T14:11:37.003Z","userId":"status@broadcast"}
{"fromMe":true,"hasMessage":true,"level":"info","message":"incoming_message","messageType":"extendedTextMessage","remoteJid":"status@broadcast","source":"whatsapp-stable","timestamp":"2026-04-29T14:11:57.250Z"}
{"fromMe":false,"hasMessage":true,"level":"info","message":"incoming_message","messageType":"senderKeyDistributionMessage","remoteJid":"status@broadcast","source":"whatsapp-stable","timestamp":"2026-04-29T14:11:57.250Z"}
{"level":"info","message":"message_processing_start","messageId":"AC04B6C4BBF6059FFB90F7AD85AA1476","processingUsersCount":0,"source":"whatsapp-stable","textLength":20,"timestamp":"2026-04-29T14:11:57.251Z","userId":"status@broadcast"}
{"fromMe":true,"hasMessage":true,"level":"info","message":"incoming_message","messageType":"extendedTextMessage","remoteJid":"status@broadcast","source":"whatsapp-stable","timestamp":"2026-04-29T14:14:28.919Z"}
{"fromMe":false,"hasMessage":true,"level":"info","message":"incoming_message","messageType":"senderKeyDistributionMessage","remoteJid":"120363040001136790@g.us","source":"whatsapp-stable","timestamp":"2026-04-29T14:14:37.349Z"}
{"fromMe":false,"hasMessage":true,"level":"info","message":"incoming_message","messageType":"protocolMessage","remoteJid":"status@broadcast","source":"whatsapp-stable","timestamp":"2026-04-29T14:25:15.427Z"}
{"connection":"close","hasPairingCode":false,"hasQR":false,"level":"info","message":"connection.update","source":"whatsapp-stable","timestamp":"2026-04-30T00:56:56.069Z"}
{"connection":"connecting","hasPairingCode":false,"hasQR":false,"level":"info","message":"connection.update","source":"whatsapp-stable","timestamp":"2026-04-30T00:57:06.693Z"}
{"hasPairingCode":false,"hasQR":false,"level":"info","message":"connection.update","source":"whatsapp-stable","timestamp":"2026-04-30T00:57:09.580Z"}
{"connection":"open","hasPairingCode":false,"hasQR":false,"level":"info","message":"connection.update","source":"whatsapp-stable","timestamp":"2026-04-30T00:57:09.582Z"}
{"fromMe":false,"hasMessage":false,"level":"info","message":"incoming_message","messageType":"none","remoteJid":"status@broadcast","source":"whatsapp-stable","timestamp":"2026-04-30T00:57:52.249Z"}
{"fromMe":false,"hasMessage":true,"level":"info","message":"incoming_message","messageType":"senderKeyDistributionMessage","remoteJid":"status@broadcast","source":"whatsapp-stable","timestamp":"2026-04-30T00:57:52.249Z"}
{"fromMe":false,"hasMessage":true,"level":"info","message":"incoming_message","messageType":"senderKeyDistributionMessage","remoteJid":"120363329766627991@g.us","source":"whatsapp-stable","timestamp":"2026-04-30T00:57:52.249Z"}
{"level":"info","message":"message_processing_start","messageId":"ACCA7D3870BC0D4CDCCAC0FE9B1665CB","processingUsersCount":0,"source":"whatsapp-stable","textLength":409,"timestamp":"2026-04-30T00:57:52.250Z","userId":"120363329766627991@g.us"}
{"hasPairingCode":false,"hasQR":false,"level":"info","message":"connection.update","source":"whatsapp-stable","timestamp":"2026-04-30T00:57:52.254Z"}
{"fromMe":true,"hasMessage":true,"level":"info","message":"incoming_message","messageType":"protocolMessage","remoteJid":"919888601933@s.whatsapp.net","source":"whatsapp-stable","timestamp":"2026-04-30T00:57:52.270Z"}
{"fromMe":true,"hasMessage":true,"level":"info","message":"incoming_message","messageType":"protocolMessage","remoteJid":"919888601933@s.whatsapp.net","source":"whatsapp-stable","timestamp":"2026-04-30T00:57:52.275Z"}
{"fromMe":false,"hasMessage":true,"level":"info","message":"incoming_message","messageType":"extendedTextMessage","remoteJid":"status@broadcast","source":"whatsapp-stable","timestamp":"2026-04-30T00:57:52.777Z"}
{"level":"info","message":"message_processing_start","messageId":"3A5FA7DD9C805517FC8E","processingUsersCount":1,"source":"whatsapp-stable","textLength":65,"timestamp":"2026-04-30T00:57:52.777Z","userId":"status@broadcast"}
{"fromMe":false,"hasMessage":true,"level":"info","message":"incoming_message","messageType":"senderKeyDistributionMessage","remoteJid":"917748823733-1621785442@g.us","source":"whatsapp-stable","timestamp":"2026-04-30T00:57:54.204Z"}
{"fromMe":false,"hasMessage":true,"level":"info","message":"incoming_message","messageType":"reactionMessage","remoteJid":"917748823733-1621785442@g.us","source":"whatsapp-stable","timestamp":"2026-04-30T00:57:54.204Z"}
{"fromMe":false,"hasMessage":true,"level":"info","message":"incoming_message","messageType":"reactionMessage","remoteJid":"917748823733-1621785442@g.us","source":"whatsapp-stable","timestamp":"2026-04-30T00:57:54.205Z"}
{"fromMe":false,"hasMessage":true,"level":"info","message":"incoming_message","messageType":"reactionMessage","remoteJid":"917748823733-1621785442@g.us","source":"whatsapp-stable","timestamp":"2026-04-30T00:57:54.206Z"}
{"fromMe":false,"hasMessage":false,"level":"info","message":"incoming_message","messageType":"none","remoteJid":"917748823733-1621785442@g.us","source":"whatsapp-stable","timestamp":"2026-04-30T00:57:54.206Z"}
{"fromMe":false,"hasMessage":true,"level":"info","message":"incoming_message","messageType":"senderKeyDistributionMessage","remoteJid":"917748823733-1621785442@g.us","source":"whatsapp-stable","timestamp":"2026-04-30T00:57:54.207Z"}
{"fromMe":false,"hasMessage":true,"level":"info","message":"incoming_message","messageType":"reactionMessage","remoteJid":"917748823733-1621785442@g.us","source":"whatsapp-stable","timestamp":"2026-04-30T00:57:54.207Z"}
{"fromMe":false,"hasMessage":true,"level":"info","message":"incoming_message","messageType":"reactionMessage","remoteJid":"917748823733-1621785442@g.us","source":"whatsapp-stable","timestamp":"2026-04-30T00:57:54.208Z"}
{"fromMe":false,"hasMessage":true,"level":"info","message":"incoming_message","messageType":"reactionMessage","remoteJid":"917748823733-1621785442@g.us","source":"whatsapp-stable","timestamp":"2026-04-30T00:57:54.208Z"}
{"fromMe":false,"hasMessage":true,"level":"info","message":"incoming_message","messageType":"reactionMessage","remoteJid":"917748823733-1621785442@g.us","source":"whatsapp-stable","timestamp":"2026-04-30T00:57:54.209Z"}
{"fromMe":false,"hasMessage":true,"level":"info","message":"incoming_message","messageType":"reactionMessage","remoteJid":"917748823733-1621785442@g.us","source":"whatsapp-stable","timestamp":"2026-04-30T00:57:54.209Z"}
{"fromMe":false,"hasMessage":true,"level":"info","message":"incoming_message","messageType":"reactionMessage","remoteJid":"917748823733-1621785442@g.us","source":"whatsapp-stable","timestamp":"2026-04-30T00:57:54.209Z"}
{"fromMe":false,"hasMessage":true,"level":"info","message":"incoming_message","messageType":"reactionMessage","remoteJid":"917748823733-1621785442@g.us","source":"whatsapp-stable","timestamp":"2026-04-30T00:57:54.210Z"}
{"fromMe":false,"hasMessage":true,"level":"info","message":"incoming_message","messageType":"reactionMessage","remoteJid":"917748823733-1621785442@g.us","source":"whatsapp-stable","timestamp":"2026-04-30T00:57:54.210Z"}
{"fromMe":false,"hasMessage":true,"level":"info","message":"incoming_message","messageType":"reactionMessage","remoteJid":"917748823733-1621785442@g.us","source":"whatsapp-stable","timestamp":"2026-04-30T00:57:54.210Z"}
{"fromMe":false,"hasMessage":true,"level":"info","message":"incoming_message","messageType":"reactionMessage","remoteJid":"917748823733-1621785442@g.us","source":"whatsapp-stable","timestamp":"2026-04-30T00:57:54.211Z"}
{"fromMe":false,"hasMessage":true,"level":"info","message":"incoming_message","messageType":"reactionMessage","remoteJid":"917748823733-1621785442@g.us","source":"whatsapp-stable","timestamp":"2026-04-30T00:57:54.211Z"}
{"fromMe":false,"hasMessage":true,"level":"info","message":"incoming_message","messageType":"reactionMessage","remoteJid":"917748823733-1621785442@g.us","source":"whatsapp-stable","timestamp":"2026-04-30T00:57:54.212Z"}
{"fromMe":false,"hasMessage":true,"level":"info","message":"incoming_message","messageType":"reactionMessage","remoteJid":"917748823733-1621785442@g.us","source":"whatsapp-stable","timestamp":"2026-04-30T00:57:54.212Z"}
{"fromMe":false,"hasMessage":true,"level":"info","message":"incoming_message","messageType":"reactionMessage","remoteJid":"917748823733-1621785442@g.us","source":"whatsapp-stable","timestamp":"2026-04-30T00:57:54.213Z"}
{"fromMe":false,"hasMessage":true,"level":"info","message":"incoming_message","messageType":"reactionMessage","remoteJid":"917748823733-1621785442@g.us","source":"whatsapp-stable","timestamp":"2026-04-30T00:57:54.213Z"}
{"fromMe":false,"hasMessage":true,"level":"info","message":"incoming_message","messageType":"reactionMessage","remoteJid":"917748823733-1621785442@g.us","source":"whatsapp-stable","timestamp":"2026-04-30T00:57:54.213Z"}
{"fromMe":false,"hasMessage":true,"level":"info","message":"incoming_message","messageType":"reactionMessage","remoteJid":"917748823733-1621785442@g.us","source":"whatsapp-stable","timestamp":"2026-04-30T00:57:54.214Z"}
{"fromMe":false,"hasMessage":false,"level":"info","message":"incoming_message","messageType":"none","remoteJid":"120363423227423378@g.us","source":"whatsapp-stable","timestamp":"2026-04-30T00:57:54.214Z"}
{"fromMe":false,"hasMessage":true,"level":"info","message":"incoming_message","messageType":"conversation","remoteJid":"258393990246619@lid","source":"whatsapp-stable","timestamp":"2026-04-30T00:57:54.215Z"}
{"level":"info","message":"message_processing_start","messageId":"AC646D42DB1BF0E4F482A45EE9C9FB4C","processingUsersCount":2,"source":"whatsapp-stable","textLength":12,"timestamp":"2026-04-30T00:57:54.215Z","userId":"258393990246619@lid"}
{"fromMe":false,"hasMessage":true,"level":"info","message":"incoming_message","messageType":"senderKeyDistributionMessage","remoteJid":"status@broadcast","source":"whatsapp-stable","timestamp":"2026-04-30T00:57:54.614Z"}
{"fromMe":false,"hasMessage":false,"level":"info","message":"incoming_message","messageType":"none","remoteJid":"status@broadcast","source":"whatsapp-stable","timestamp":"2026-04-30T00:57:54.614Z"}
{"fromMe":false,"hasMessage":true,"level":"info","message":"incoming_message","messageType":"protocolMessage","remoteJid":"status@broadcast","source":"whatsapp-stable","timestamp":"2026-04-30T00:57:54.615Z"}
{"fromMe":false,"hasMessage":true,"level":"info","message":"incoming_message","messageType":"senderKeyDistributionMessage","remoteJid":"status@broadcast","source":"whatsapp-stable","timestamp":"2026-04-30T00:57:54.615Z"}
{"level":"info","message":"user_on_cooldown","source":"whatsapp-stable","textLength":27,"timestamp":"2026-04-30T00:57:54.615Z","userId":"status@broadcast"}
{"fromMe":false,"hasMessage":true,"level":"info","message":"incoming_message","messageType":"senderKeyDistributionMessage","remoteJid":"120363040001136790@g.us","source":"whatsapp-stable","timestamp":"2026-04-30T00:57:54.616Z"}
{"level":"info","message":"message_processing_start","messageId":"ACB39AB8EB0CE99CBD56BA7F81D59B4B","processingUsersCount":2,"source":"whatsapp-stable","textLength":363,"timestamp":"2026-04-30T00:57:54.616Z","userId":"120363040001136790@g.us"}
{"fromMe":true,"hasMessage":true,"level":"info","message":"incoming_message","messageType":"extendedTextMessage","remoteJid":"status@broadcast","source":"whatsapp-stable","timestamp":"2026-04-30T00:57:55.383Z"}
{"fromMe":true,"hasMessage":true,"level":"info","message":"incoming_message","messageType":"extendedTextMessage","remoteJid":"120363329766627991@g.us","source":"whatsapp-stable","timestamp":"2026-04-30T00:57:55.384Z"}
{"fromMe":true,"hasMessage":true,"level":"info","message":"incoming_message","messageType":"extendedTextMessage","remoteJid":"258393990246619@lid","source":"whatsapp-stable","timestamp":"2026-04-30T00:57:55.384Z"}
{"fromMe":false,"hasMessage":true,"level":"info","message":"incoming_message","messageType":"senderKeyDistributionMessage","remoteJid":"120363040001136790@g.us","source":"whatsapp-stable","timestamp":"2026-04-30T00:57:56.223Z"}
{"fromMe":false,"hasMessage":true,"level":"info","message":"incoming_message","messageType":"senderKeyDistributionMessage","remoteJid":"status@broadcast","source":"whatsapp-stable","timestamp":"2026-04-30T00:57:56.224Z"}
{"fromMe":false,"hasMessage":true,"level":"info","message":"incoming_message","messageType":"senderKeyDistributionMessage","remoteJid":"status@broadcast","source":"whatsapp-stable","timestamp":"2026-04-30T00:57:56.224Z"}
{"fromMe":false,"hasMessage":true,"level":"info","message":"incoming_message","messageType":"videoMessage","remoteJid":"120363040001136790@g.us","source":"whatsapp-stable","timestamp":"2026-04-30T00:57:56.224Z"}
{"fromMe":false,"hasMessage":true,"level":"info","message":"incoming_message","messageType":"senderKeyDistributionMessage","remoteJid":"status@broadcast","source":"whatsapp-stable","timestamp":"2026-04-30T00:57:56.225Z"}
{"fromMe":false,"hasMessage":true,"level":"info","message":"incoming_message","messageType":"videoMessage","remoteJid":"120363040001136790@g.us","source":"whatsapp-stable","timestamp":"2026-04-30T00:57:56.225Z"}
{"fromMe":false,"hasMessage":true,"level":"info","message":"incoming_message","messageType":"senderKeyDistributionMessage","remoteJid":"status@broadcast","source":"whatsapp-stable","timestamp":"2026-04-30T00:57:56.225Z"}
{"level":"info","message":"message_processing_start","messageId":"3A7A1938839F0EC65B24","processingUsersCount":1,"source":"whatsapp-stable","textLength":8,"timestamp":"2026-04-30T00:57:56.225Z","userId":"status@broadcast"}
{"fromMe":false,"hasMessage":true,"level":"info","message":"incoming_message","messageType":"videoMessage","remoteJid":"120363040001136790@g.us","source":"whatsapp-stable","timestamp":"2026-04-30T00:57:56.343Z"}
{"fromMe":true,"hasMessage":true,"level":"info","message":"incoming_message","messageType":"conversation","remoteJid":"258393990246619@lid","source":"whatsapp-stable","timestamp":"2026-04-30T00:57:56.344Z"}
{"fromMe":true,"hasMessage":true,"level":"info","message":"incoming_message","messageType":"conversation","remoteJid":"119907232518296@lid","source":"whatsapp-stable","timestamp":"2026-04-30T00:57:56.344Z"}
{"fromMe":true,"hasMessage":true,"level":"info","message":"incoming_message","messageType":"conversation","remoteJid":"119907232518296@lid","source":"whatsapp-stable","timestamp":"2026-04-30T00:57:56.345Z"}
{"fromMe":false,"hasMessage":true,"level":"info","message":"incoming_message","messageType":"senderKeyDistributionMessage","remoteJid":"status@broadcast","source":"whatsapp-stable","timestamp":"2026-04-30T00:57:56.345Z"}
{"fromMe":false,"hasMessage":false,"level":"info","message":"incoming_message","messageType":"none","remoteJid":"120363329766627991@g.us","source":"whatsapp-stable","timestamp":"2026-04-30T00:57:56.345Z"}
{"fromMe":false,"hasMessage":true,"level":"info","message":"incoming_message","messageType":"senderKeyDistributionMessage","remoteJid":"status@broadcast","source":"whatsapp-stable","timestamp":"2026-04-30T00:57:56.345Z"}
{"fromMe":false,"hasMessage":true,"level":"info","message":"incoming_message","messageType":"senderKeyDistributionMessage","remoteJid":"120363040001136790@g.us","source":"whatsapp-stable","timestamp":"2026-04-30T00:57:56.346Z"}
{"fromMe":false,"hasMessage":true,"level":"info","message":"incoming_message","messageType":"senderKeyDistributionMessage","remoteJid":"120363329766627991@g.us","source":"whatsapp-stable","timestamp":"2026-04-30T00:57:56.346Z"}
{"level":"info","message":"message_processing_start","messageId":"ACDEE450CDA9FBB86C88FE0974C0B798","processingUsersCount":2,"source":"whatsapp-stable","textLength":411,"timestamp":"2026-04-30T00:57:56.346Z","userId":"120363329766627991@g.us"}
{"fromMe":false,"hasMessage":true,"level":"info","message":"incoming_message","messageType":"conversation","remoteJid":"258393990246619@lid","source":"whatsapp-stable","timestamp":"2026-04-30T00:57:57.151Z"}
{"level":"info","message":"user_on_cooldown","source":"whatsapp-stable","textLength":8,"timestamp":"2026-04-30T00:57:57.152Z","userId":"258393990246619@lid"}
{"fromMe":false,"hasMessage":true,"level":"info","message":"incoming_message","messageType":"extendedTextMessage","remoteJid":"120363040001136790@g.us","source":"whatsapp-stable","timestamp":"2026-04-30T00:57:57.152Z"}
{"fromMe":false,"hasMessage":true,"level":"info","message":"incoming_message","messageType":"conversation","remoteJid":"258393990246619@lid","source":"whatsapp-stable","timestamp":"2026-04-30T00:57:57.152Z"}
{"level":"info","message":"user_on_cooldown","source":"whatsapp-stable","textLength":31,"timestamp":"2026-04-30T00:57:57.152Z","userId":"258393990246619@lid"}
{"fromMe":false,"hasMessage":true,"level":"info","message":"incoming_message","messageType":"extendedTextMessage","remoteJid":"120363040001136790@g.us","source":"whatsapp-stable","timestamp":"2026-04-30T00:57:57.153Z"}
{"fromMe":false,"hasMessage":true,"level":"info","message":"incoming_message","messageType":"imageMessage","remoteJid":"120363040001136790@g.us","source":"whatsapp-stable","timestamp":"2026-04-30T00:57:57.153Z"}
{"fromMe":false,"hasMessage":true,"level":"info","message":"incoming_message","messageType":"extendedTextMessage","remoteJid":"163711385886777@lid","source":"whatsapp-stable","timestamp":"2026-04-30T00:57:57.153Z"}
{"level":"info","message":"message_processing_start","messageId":"A5181B365B70358D1FF9DCB2C390BC82","processingUsersCount":3,"source":"whatsapp-stable","textLength":5,"timestamp":"2026-04-30T00:57:57.153Z","userId":"163711385886777@lid"}
{"fromMe":false,"hasMessage":true,"level":"info","message":"incoming_message","messageType":"senderKeyDistributionMessage","remoteJid":"120363329766627991@g.us","source":"whatsapp-stable","timestamp":"2026-04-30T00:57:57.534Z"}
{"fromMe":false,"hasMessage":true,"level":"info","message":"incoming_message","messageType":"senderKeyDistributionMessage","remoteJid":"status@broadcast","source":"whatsapp-stable","timestamp":"2026-04-30T00:57:57.535Z"}
{"fromMe":false,"hasMessage":false,"level":"info","message":"incoming_message","messageType":"none","remoteJid":"status@broadcast","source":"whatsapp-stable","timestamp":"2026-04-30T00:57:57.535Z"}
{"fromMe":false,"hasMessage":true,"level":"info","message":"incoming_message","messageType":"protocolMessage","remoteJid":"status@broadcast","source":"whatsapp-stable","timestamp":"2026-04-30T00:57:57.535Z"}
{"fromMe":false,"hasMessage":false,"level":"info","message":"incoming_message","messageType":"none","remoteJid":"status@broadcast","source":"whatsapp-stable","timestamp":"2026-04-30T00:57:57.535Z"}
{"fromMe":false,"hasMessage":true,"level":"info","message":"incoming_message","messageType":"senderKeyDistributionMessage","remoteJid":"status@broadcast","source":"whatsapp-stable","timestamp":"2026-04-30T00:57:57.536Z"}
{"fromMe":false,"hasMessage":true,"level":"info","message":"incoming_message","messageType":"senderKeyDistributionMessage","remoteJid":"120363040001136790@g.us","source":"whatsapp-stable","timestamp":"2026-04-30T00:57:57.536Z"}
{"fromMe":false,"hasMessage":true,"level":"info","message":"incoming_message","messageType":"imageMessage","remoteJid":"status@broadcast","source":"whatsapp-stable","timestamp":"2026-04-30T00:57:57.536Z"}
{"fromMe":false,"hasMessage":true,"level":"info","message":"incoming_message","messageType":"senderKeyDistributionMessage","remoteJid":"120363040001136790@g.us","source":"whatsapp-stable","timestamp":"2026-04-30T00:57:57.536Z"}
{"fromMe":false,"hasMessage":true,"level":"info","message":"incoming_message","messageType":"senderKeyDistributionMessage","remoteJid":"status@broadcast","source":"whatsapp-stable","timestamp":"2026-04-30T00:57:57.536Z"}
{"fromMe":false,"hasMessage":true,"level":"info","message":"incoming_message","messageType":"protocolMessage","remoteJid":"status@broadcast","source":"whatsapp-stable","timestamp":"2026-04-30T00:57:57.537Z"}
{"fromMe":false,"hasMessage":true,"level":"info","message":"incoming_message","messageType":"senderKeyDistributionMessage","remoteJid":"status@broadcast","source":"whatsapp-stable","timestamp":"2026-04-30T00:57:57.537Z"}
{"fromMe":false,"hasMessage":true,"level":"info","message":"incoming_message","messageType":"protocolMessage","remoteJid":"status@broadcast","source":"whatsapp-stable","timestamp":"2026-04-30T00:57:57.537Z"}
{"fromMe":false,"hasMessage":false,"level":"info","message":"incoming_message","messageType":"none","remoteJid":"status@broadcast","source":"whatsapp-stable","timestamp":"2026-04-30T00:57:57.537Z"}
{"fromMe":false,"hasMessage":true,"level":"info","message":"incoming_message","messageType":"senderKeyDistributionMessage","remoteJid":"status@broadcast","source":"whatsapp-stable","timestamp":"2026-04-30T00:57:57.537Z"}
{"fromMe":false,"hasMessage":true,"level":"info","message":"incoming_message","messageType":"imageMessage","remoteJid":"status@broadcast","source":"whatsapp-stable","timestamp":"2026-04-30T00:57:57.537Z"}
{"fromMe":false,"hasMessage":true,"level":"info","message":"incoming_message","messageType":"senderKeyDistributionMessage","remoteJid":"status@broadcast","source":"whatsapp-stable","timestamp":"2026-04-30T00:57:57.537Z"}
{"fromMe":false,"hasMessage":true,"level":"info","message":"incoming_message","messageType":"senderKeyDistributionMessage","remoteJid":"status@broadcast","source":"whatsapp-stable","timestamp":"2026-04-30T00:57:57.538Z"}
{"fromMe":false,"hasMessage":true,"level":"info","message":"incoming_message","messageType":"protocolMessage","remoteJid":"status@broadcast","source":"whatsapp-stable","timestamp":"2026-04-30T00:57:57.538Z"}
{"fromMe":false,"hasMessage":true,"level":"info","message":"incoming_message","messageType":"videoMessage","remoteJid":"status@broadcast","source":"whatsapp-stable","timestamp":"2026-04-30T00:57:57.538Z"}
{"fromMe":false,"hasMessage":true,"level":"info","message":"incoming_message","messageType":"senderKeyDistributionMessage","remoteJid":"status@broadcast","source":"whatsapp-stable","timestamp":"2026-04-30T00:57:57.538Z"}
{"fromMe":false,"hasMessage":true,"level":"info","message":"incoming_message","messageType":"senderKeyDistributionMessage","remoteJid":"status@broadcast","source":"whatsapp-stable","timestamp":"2026-04-30T00:57:57.538Z"}
{"fromMe":false,"hasMessage":true,"level":"info","message":"incoming_message","messageType":"senderKeyDistributionMessage","remoteJid":"status@broadcast","source":"whatsapp-stable","timestamp":"2026-04-30T00:57:57.538Z"}
{"fromMe":false,"hasMessage":true,"level":"info","message":"incoming_message","messageType":"videoMessage","remoteJid":"status@broadcast","source":"whatsapp-stable","timestamp":"2026-04-30T00:57:57.538Z"}
{"fromMe":false,"hasMessage":true,"level":"info","message":"incoming_message","messageType":"senderKeyDistributionMessage","remoteJid":"status@broadcast","source":"whatsapp-stable","timestamp":"2026-04-30T00:57:57.539Z"}
{"fromMe":false,"hasMessage":true,"level":"info","message":"incoming_message","messageType":"senderKeyDistributionMessage","remoteJid":"status@broadcast","source":"whatsapp-stable","timestamp":"2026-04-30T00:57:57.539Z"}
{"fromMe":false,"hasMessage":true,"level":"info","message":"incoming_message","messageType":"senderKeyDistributionMessage","remoteJid":"status@broadcast","source":"whatsapp-stable","timestamp":"2026-04-30T00:57:57.539Z"}
{"fromMe":false,"hasMessage":false,"level":"info","message":"incoming_message","messageType":"none","remoteJid":"status@broadcast","source":"whatsapp-stable","timestamp":"2026-04-30T00:57:57.539Z"}
{"fromMe":false,"hasMessage":true,"level":"info","message":"incoming_message","messageType":"senderKeyDistributionMessage","remoteJid":"status@broadcast","source":"whatsapp-stable","timestamp":"2026-04-30T00:57:57.539Z"}
{"fromMe":false,"hasMessage":true,"level":"info","message":"incoming_message","messageType":"protocolMessage","remoteJid":"status@broadcast","source":"whatsapp-stable","timestamp":"2026-04-30T00:57:57.540Z"}
{"fromMe":false,"hasMessage":true,"level":"info","message":"incoming_message","messageType":"extendedTextMessage","remoteJid":"status@broadcast","source":"whatsapp-stable","timestamp":"2026-04-30T00:57:57.540Z"}
{"fromMe":false,"hasMessage":true,"level":"info","message":"incoming_message","messageType":"extendedTextMessage","remoteJid":"status@broadcast","source":"whatsapp-stable","timestamp":"2026-04-30T00:57:57.540Z"}
{"fromMe":false,"hasMessage":true,"level":"info","message":"incoming_message","messageType":"senderKeyDistributionMessage","remoteJid":"status@broadcast","source":"whatsapp-stable","timestamp":"2026-04-30T00:57:57.540Z"}
{"fromMe":false,"hasMessage":false,"level":"info","message":"incoming_message","messageType":"none","remoteJid":"120363330578871702@g.us","source":"whatsapp-stable","timestamp":"2026-04-30T00:57:57.540Z"}
{"fromMe":false,"hasMessage":true,"level":"info","message":"incoming_message","messageType":"senderKeyDistributionMessage","remoteJid":"status@broadcast","source":"whatsapp-stable","timestamp":"2026-04-30T00:57:57.540Z"}
{"fromMe":false,"hasMessage":true,"level":"info","message":"incoming_message","messageType":"videoMessage","remoteJid":"status@broadcast","source":"whatsapp-stable","timestamp":"2026-04-30T00:57:57.541Z"}
{"fromMe":false,"hasMessage":true,"level":"info","message":"incoming_message","messageType":"senderKeyDistributionMessage","remoteJid":"status@broadcast","source":"whatsapp-stable","timestamp":"2026-04-30T00:57:57.541Z"}
{"fromMe":false,"hasMessage":true,"level":"info","message":"incoming_message","messageType":"senderKeyDistributionMessage","remoteJid":"status@broadcast","source":"whatsapp-stable","timestamp":"2026-04-30T00:57:57.541Z"}
{"fromMe":false,"hasMessage":false,"level":"info","message":"incoming_message","messageType":"none","remoteJid":"120363221361122507@g.us","source":"whatsapp-stable","timestamp":"2026-04-30T00:57:57.541Z"}
{"fromMe":false,"hasMessage":true,"level":"info","message":"incoming_message","messageType":"senderKeyDistributionMessage","remoteJid":"status@broadcast","source":"whatsapp-stable","timestamp":"2026-04-30T00:57:57.541Z"}
{"fromMe":false,"hasMessage":true,"level":"info","message":"incoming_message","messageType":"videoMessage","remoteJid":"status@broadcast","source":"whatsapp-stable","timestamp":"2026-04-30T00:57:57.541Z"}
{"fromMe":true,"hasMessage":true,"level":"info","message":"incoming_message","messageType":"extendedTextMessage","remoteJid":"120363040001136790@g.us","source":"whatsapp-stable","timestamp":"2026-04-30T00:57:57.903Z"}
{"fromMe":true,"hasMessage":true,"level":"info","message":"incoming_message","messageType":"extendedTextMessage","remoteJid":"status@broadcast","source":"whatsapp-stable","timestamp":"2026-04-30T00:57:57.904Z"}
{"fromMe":true,"hasMessage":true,"level":"info","message":"incoming_message","messageType":"extendedTextMessage","remoteJid":"120363329766627991@g.us","source":"whatsapp-stable","timestamp":"2026-04-30T00:57:57.904Z"}
{"fromMe":true,"hasMessage":true,"level":"info","message":"incoming_message","messageType":"extendedTextMessage","remoteJid":"163711385886777@lid","source":"whatsapp-stable","timestamp":"2026-04-30T00:57:57.904Z"}
{"fromMe":false,"hasMessage":true,"level":"info","message":"incoming_message","messageType":"senderKeyDistributionMessage","remoteJid":"status@broadcast","source":"whatsapp-stable","timestamp":"2026-04-30T00:59:06.376Z"}
{"level":"info","message":"message_processing_start","messageId":"ACCF23583C5CC42F656A19DCA39C9F6E","processingUsersCount":0,"source":"whatsapp-stable","textLength":58,"timestamp":"2026-04-30T00:59:06.376Z","userId":"status@broadcast"}
{"fromMe":true,"hasMessage":true,"level":"info","message":"incoming_message","messageType":"extendedTextMessage","remoteJid":"status@broadcast","source":"whatsapp-stable","timestamp":"2026-04-30T00:59:28.845Z"}
{"fromMe":false,"hasMessage":true,"level":"info","message":"incoming_message","messageType":"conversation","remoteJid":"119907232518296@lid","source":"whatsapp-stable","timestamp":"2026-04-30T01:02:17.950Z"}
{"level":"info","message":"message_processing_start","messageId":"AC7C7DB2495952ABDDFEC7F92D9D377F","processingUsersCount":0,"source":"whatsapp-stable","textLength":2,"timestamp":"2026-04-30T01:02:17.955Z","userId":"119907232518296@lid"}
{"fromMe":true,"hasMessage":true,"level":"info","message":"incoming_message","messageType":"extendedTextMessage","remoteJid":"119907232518296@lid","source":"whatsapp-stable","timestamp":"2026-04-30T01:02:19.438Z"}
{"fromMe":false,"hasMessage":true,"level":"info","message":"incoming_message","messageType":"conversation","remoteJid":"119907232518296@lid","source":"whatsapp-stable","timestamp":"2026-04-30T01:02:27.542Z"}
{"level":"info","message":"message_processing_start","messageId":"AC04C12A73F0F38C7487CA614DCDD806","processingUsersCount":0,"source":"whatsapp-stable","textLength":11,"timestamp":"2026-04-30T01:02:27.542Z","userId":"119907232518296@lid"}
{"fromMe":true,"hasMessage":true,"level":"info","message":"incoming_message","messageType":"extendedTextMessage","remoteJid":"119907232518296@lid","source":"whatsapp-stable","timestamp":"2026-04-30T01:02:28.408Z"}
{"fromMe":false,"hasMessage":true,"level":"info","message":"incoming_message","messageType":"conversation","remoteJid":"119907232518296@lid","source":"whatsapp-stable","timestamp":"2026-04-30T01:02:40.325Z"}
{"level":"info","message":"message_processing_start","messageId":"AC60EE825952A687F31BBA35C1B7FC52","processingUsersCount":0,"source":"whatsapp-stable","textLength":7,"timestamp":"2026-04-30T01:02:40.325Z","userId":"119907232518296@lid"}
{"fromMe":true,"hasMessage":true,"level":"info","message":"incoming_message","messageType":"extendedTextMessage","remoteJid":"119907232518296@lid","source":"whatsapp-stable","timestamp":"2026-04-30T01:02:41.630Z"}
{"fromMe":false,"hasMessage":true,"level":"info","message":"incoming_message","messageType":"conversation","remoteJid":"119907232518296@lid","source":"whatsapp-stable","timestamp":"2026-04-30T01:03:03.951Z"}
{"level":"info","message":"message_processing_start","messageId":"AC68250008A70EBCC6EC2356DE900B7F","processingUsersCount":0,"source":"whatsapp-stable","textLength":22,"timestamp":"2026-04-30T01:03:04.025Z","userId":"119907232518296@lid"}
{"fromMe":true,"hasMessage":true,"level":"info","message":"incoming_message","messageType":"extendedTextMessage","remoteJid":"119907232518296@lid","source":"whatsapp-stable","timestamp":"2026-04-30T01:03:05.682Z"}
{"fromMe":false,"hasMessage":true,"level":"info","message":"incoming_message","messageType":"senderKeyDistributionMessage","remoteJid":"120363040001136790@g.us","source":"whatsapp-stable","timestamp":"2026-04-30T01:08:19.606Z"}
{"level":"info","message":"message_processing_start","messageId":"AC8CF14734CD959FF663A32394069E46","processingUsersCount":0,"source":"whatsapp-stable","textLength":8430,"timestamp":"2026-04-30T01:08:19.610Z","userId":"120363040001136790@g.us"}
{"fromMe":true,"hasMessage":true,"level":"info","message":"incoming_message","messageType":"extendedTextMessage","remoteJid":"120363040001136790@g.us","source":"whatsapp-stable","timestamp":"2026-04-30T01:08:21.718Z"}
{"fromMe":false,"hasMessage":true,"level":"info","message":"incoming_message","messageType":"extendedTextMessage","remoteJid":"120363040001136790@g.us","source":"whatsapp-stable","timestamp":"2026-04-30T01:08:21.718Z"}
{"fromMe":false,"hasMessage":true,"level":"info","message":"incoming_message","messageType":"senderKeyDistributionMessage","remoteJid":"120363040001136790@g.us","source":"whatsapp-stable","timestamp":"2026-04-30T01:13:27.017Z"}
{"fromMe":false,"hasMessage":true,"level":"info","message":"incoming_message","messageType":"senderKeyDistributionMessage","remoteJid":"status@broadcast","source":"whatsapp-stable","timestamp":"2026-04-30T01:14:20.289Z"}
{"fromMe":false,"hasMessage":true,"level":"info","message":"incoming_message","messageType":"senderKeyDistributionMessage","remoteJid":"status@broadcast","source":"whatsapp-stable","timestamp":"2026-04-30T01:17:15.939Z"}
{"fromMe":false,"hasMessage":true,"level":"info","message":"incoming_message","messageType":"senderKeyDistributionMessage","remoteJid":"status@broadcast","source":"whatsapp-stable","timestamp":"2026-04-30T01:23:00.079Z"}
{"fromMe":false,"hasMessage":true,"level":"info","message":"incoming_message","messageType":"imageMessage","remoteJid":"status@broadcast","source":"whatsapp-stable","timestamp":"2026-04-30T01:23:04.457Z"}
{"fromMe":false,"hasMessage":true,"level":"info","message":"incoming_message","messageType":"senderKeyDistributionMessage","remoteJid":"status@broadcast","source":"whatsapp-stable","timestamp":"2026-04-30T01:25:25.429Z"}
{"fromMe":false,"hasMessage":true,"level":"info","message":"incoming_message","messageType":"videoMessage","remoteJid":"status@broadcast","source":"whatsapp-stable","timestamp":"2026-04-30T01:29:15.283Z"}
{"level":"info","message":"message_processing_start","messageId":"3A8EA356E9015104006E","processingUsersCount":0,"source":"whatsapp-stable","textLength":2,"timestamp":"2026-04-30T01:29:15.284Z","userId":"status@broadcast"}
{"connection":"connecting","hasPairingCode":false,"hasQR":false,"level":"info","message":"connection.update","source":"whatsapp-stable","timestamp":"2026-04-30T01:31:35.057Z"}
{"fromMe":true,"hasMessage":false,"level":"info","message":"incoming_message","messageType":"none","remoteJid":"258393990246619@lid","source":"whatsapp-stable","timestamp":"2026-04-30T01:31:36.460Z"}
{"fromMe":true,"hasMessage":false,"level":"info","message":"incoming_message","messageType":"none","remoteJid":"119907232518296@lid","source":"whatsapp-stable","timestamp":"2026-04-30T01:31:36.461Z"}
{"fromMe":true,"hasMessage":false,"level":"info","message":"incoming_message","messageType":"none","remoteJid":"119907232518296@lid","source":"whatsapp-stable","timestamp":"2026-04-30T01:31:36.461Z"}
{"fromMe":false,"hasMessage":true,"level":"info","message":"incoming_message","messageType":"protocolMessage","remoteJid":"status@broadcast","source":"whatsapp-stable","timestamp":"2026-04-30T01:31:36.462Z"}
{"fromMe":false,"hasMessage":true,"level":"info","message":"incoming_message","messageType":"protocolMessage","remoteJid":"status@broadcast","source":"whatsapp-stable","timestamp":"2026-04-30T01:31:36.548Z"}
{"hasPairingCode":false,"hasQR":false,"level":"info","message":"connection.update","source":"whatsapp-stable","timestamp":"2026-04-30T01:31:36.550Z"}
{"hasPairingCode":false,"hasQR":false,"level":"info","message":"connection.update","source":"whatsapp-stable","timestamp":"2026-04-30T01:31:36.556Z"}
{"connection":"open","hasPairingCode":false,"hasQR":false,"level":"info","message":"connection.update","source":"whatsapp-stable","timestamp":"2026-04-30T01:31:36.561Z"}
{"fromMe":true,"hasMessage":true,"level":"info","message":"incoming_message","messageType":"protocolMessage","remoteJid":"919888601933@s.whatsapp.net","source":"whatsapp-stable","timestamp":"2026-04-30T01:31:43.306Z"}
{"fromMe":true,"hasMessage":false,"level":"info","message":"incoming_message","messageType":"none","remoteJid":"258393990246619@lid","source":"whatsapp-stable","timestamp":"2026-04-30T01:31:43.341Z"}
{"fromMe":true,"hasMessage":true,"level":"info","message":"incoming_message","messageType":"conversation","remoteJid":"917973833494@s.whatsapp.net","source":"whatsapp-stable","timestamp":"2026-04-30T01:31:43.815Z"}
{"fromMe":false,"hasMessage":true,"level":"info","message":"incoming_message","messageType":"messageContextInfo","remoteJid":"163711385886777@lid","source":"whatsapp-stable","timestamp":"2026-04-30T01:31:46.695Z"}
{"fromMe":true,"hasMessage":true,"level":"info","message":"incoming_message","messageType":"protocolMessage","remoteJid":"919888601933@s.whatsapp.net","source":"whatsapp-stable","timestamp":"2026-04-30T01:31:47.230Z"}
{"fromMe":true,"hasMessage":false,"level":"info","message":"incoming_message","messageType":"none","remoteJid":"119907232518296@lid","source":"whatsapp-stable","timestamp":"2026-04-30T01:31:47.242Z"}
{"fromMe":true,"hasMessage":true,"level":"info","message":"incoming_message","messageType":"conversation","remoteJid":"917087561933@s.whatsapp.net","source":"whatsapp-stable","timestamp":"2026-04-30T01:31:47.731Z"}
{"fromMe":true,"hasMessage":true,"level":"info","message":"incoming_message","messageType":"protocolMessage","remoteJid":"919888601933@s.whatsapp.net","source":"whatsapp-stable","timestamp":"2026-04-30T01:31:52.583Z"}
{"fromMe":true,"hasMessage":false,"level":"info","message":"incoming_message","messageType":"none","remoteJid":"119907232518296@lid","source":"whatsapp-stable","timestamp":"2026-04-30T01:31:52.602Z"}
{"fromMe":true,"hasMessage":true,"level":"info","message":"incoming_message","messageType":"conversation","remoteJid":"258393990246619@lid","source":"whatsapp-stable","timestamp":"2026-04-30T01:31:52.848Z"}
{"fromMe":true,"hasMessage":true,"level":"info","message":"incoming_message","messageType":"conversation","remoteJid":"119907232518296@lid","source":"whatsapp-stable","timestamp":"2026-04-30T01:31:53.064Z"}
{"fromMe":true,"hasMessage":true,"level":"info","message":"incoming_message","messageType":"conversation","remoteJid":"917087561933@s.whatsapp.net","source":"whatsapp-stable","timestamp":"2026-04-30T01:31:53.085Z"}
{"fromMe":true,"hasMessage":true,"level":"info","message":"incoming_message","messageType":"conversation","remoteJid":"119907232518296@lid","source":"whatsapp-stable","timestamp":"2026-04-30T01:31:53.353Z"}
{"fromMe":false,"hasMessage":true,"level":"info","message":"incoming_message","messageType":"extendedTextMessage","remoteJid":"75673129509057@lid","source":"whatsapp-stable","timestamp":"2026-04-30T01:52:38.935Z"}
{"level":"info","message":"message_processing_start","messageId":"AC97B6862D2AD25B07BF46F9BCDEBFAE","processingUsersCount":0,"source":"whatsapp-stable","textLength":58,"timestamp":"2026-04-30T01:52:38.938Z","userId":"75673129509057@lid"}
{"fromMe":true,"hasMessage":true,"level":"info","message":"incoming_message","messageType":"extendedTextMessage","remoteJid":"75673129509057@lid","source":"whatsapp-stable","timestamp":"2026-04-30T01:52:39.762Z"}
{"fromMe":false,"hasMessage":true,"level":"info","message":"incoming_message","messageType":"protocolMessage","remoteJid":"75673129509057@lid","source":"whatsapp-stable","timestamp":"2026-04-30T01:52:39.772Z"}
{"fromMe":false,"hasMessage":true,"level":"info","message":"incoming_message","messageType":"conversation","remoteJid":"119907232518296@lid","source":"whatsapp-stable","timestamp":"2026-04-30T01:54:52.951Z"}
{"level":"info","message":"message_processing_start","messageId":"AC370C2FCCA7B33C7ED310DC3828CE31","processingUsersCount":0,"source":"whatsapp-stable","textLength":2,"timestamp":"2026-04-30T01:54:52.952Z","userId":"119907232518296@lid"}
{"fromMe":true,"hasMessage":true,"level":"info","message":"incoming_message","messageType":"extendedTextMessage","remoteJid":"119907232518296@lid","source":"whatsapp-stable","timestamp":"2026-04-30T01:54:53.834Z"}
{"fromMe":false,"hasMessage":true,"level":"info","message":"incoming_message","messageType":"conversation","remoteJid":"119907232518296@lid","source":"whatsapp-stable","timestamp":"2026-04-30T01:55:04.299Z"}
{"level":"info","message":"message_processing_start","messageId":"AC66B524A0C0B8C83FBB07ABFA3DF09B","processingUsersCount":0,"source":"whatsapp-stable","textLength":19,"timestamp":"2026-04-30T01:55:04.299Z","userId":"119907232518296@lid"}
{"fromMe":true,"hasMessage":true,"level":"info","message":"incoming_message","messageType":"extendedTextMessage","remoteJid":"119907232518296@lid","source":"whatsapp-stable","timestamp":"2026-04-30T01:55:05.139Z"}
{"fromMe":false,"hasMessage":true,"level":"info","message":"incoming_message","messageType":"conversation","remoteJid":"119907232518296@lid","source":"whatsapp-stable","timestamp":"2026-04-30T01:55:14.201Z"}
{"level":"info","message":"message_processing_start","messageId":"AC044F04996F604DE0E6FBCA815D2E26","processingUsersCount":0,"source":"whatsapp-stable","textLength":8,"timestamp":"2026-04-30T01:55:14.202Z","userId":"119907232518296@lid"}
{"fromMe":true,"hasMessage":true,"level":"info","message":"incoming_message","messageType":"extendedTextMessage","remoteJid":"119907232518296@lid","source":"whatsapp-stable","timestamp":"2026-04-30T01:55:15.105Z"}
{"fromMe":false,"hasMessage":true,"level":"info","message":"incoming_message","messageType":"conversation","remoteJid":"119907232518296@lid","source":"whatsapp-stable","timestamp":"2026-04-30T01:55:23.422Z"}
{"level":"info","message":"message_processing_start","messageId":"ACE40F806E8963865531165ED8B03925","processingUsersCount":0,"source":"whatsapp-stable","textLength":6,"timestamp":"2026-04-30T01:55:23.422Z","userId":"119907232518296@lid"}
{"fromMe":true,"hasMessage":true,"level":"info","message":"incoming_message","messageType":"extendedTextMessage","remoteJid":"119907232518296@lid","source":"whatsapp-stable","timestamp":"2026-04-30T01:55:24.389Z"}
{"fromMe":false,"hasMessage":true,"level":"info","message":"incoming_message","messageType":"conversation","remoteJid":"119907232518296@lid","source":"whatsapp-stable","timestamp":"2026-04-30T01:55:35.122Z"}
{"level":"info","message":"message_processing_start","messageId":"ACDA5B0D2AE9C13D7FAB1E7CC011EE4F","processingUsersCount":0,"source":"whatsapp-stable","textLength":2,"timestamp":"2026-04-30T01:55:35.123Z","userId":"119907232518296@lid"}
{"fromMe":true,"hasMessage":true,"level":"info","message":"incoming_message","messageType":"extendedTextMessage","remoteJid":"119907232518296@lid","source":"whatsapp-stable","timestamp":"2026-04-30T01:55:36.061Z"}
{"fromMe":false,"hasMessage":true,"level":"info","message":"incoming_message","messageType":"conversation","remoteJid":"119907232518296@lid","source":"whatsapp-stable","timestamp":"2026-04-30T01:55:38.616Z"}
{"level":"info","message":"message_processing_start","messageId":"ACEC7D0D6E80CF0572A2C95FA2E1E4FC","processingUsersCount":0,"source":"whatsapp-stable","textLength":4,"timestamp":"2026-04-30T01:55:38.616Z","userId":"119907232518296@lid"}
{"fromMe":true,"hasMessage":true,"level":"info","message":"incoming_message","messageType":"extendedTextMessage","remoteJid":"119907232518296@lid","source":"whatsapp-stable","timestamp":"2026-04-30T01:55:39.468Z"}
{"fromMe":false,"hasMessage":true,"level":"info","message":"incoming_message","messageType":"conversation","remoteJid":"119907232518296@lid","source":"whatsapp-stable","timestamp":"2026-04-30T01:55:41.272Z"}
{"level":"info","message":"user_on_cooldown","source":"whatsapp-stable","textLength":4,"timestamp":"2026-04-30T01:55:41.273Z","userId":"119907232518296@lid"}
{"fromMe":false,"hasMessage":true,"level":"info","message":"incoming_message","messageType":"conversation","remoteJid":"119907232518296@lid","source":"whatsapp-stable","timestamp":"2026-04-30T01:55:49.354Z"}
{"level":"info","message":"message_processing_start","messageId":"AC089A21D9671962D1276ABC12D6900F","processingUsersCount":0,"source":"whatsapp-stable","textLength":3,"timestamp":"2026-04-30T01:55:49.355Z","userId":"119907232518296@lid"}
{"fromMe":true,"hasMessage":true,"level":"info","message":"incoming_message","messageType":"extendedTextMessage","remoteJid":"119907232518296@lid","source":"whatsapp-stable","timestamp":"2026-04-30T01:55:50.312Z"}
{"fromMe":false,"hasMessage":true,"level":"info","message":"incoming_message","messageType":"conversation","remoteJid":"119907232518296@lid","source":"whatsapp-stable","timestamp":"2026-04-30T01:56:01.037Z"}
{"level":"info","message":"message_processing_start","messageId":"AC90D85002B31ECED6B048AC6B4E92D5","processingUsersCount":0,"source":"whatsapp-stable","textLength":8,"timestamp":"2026-04-30T01:56:01.038Z","userId":"119907232518296@lid"}
{"fromMe":true,"hasMessage":true,"level":"info","message":"incoming_message","messageType":"extendedTextMessage","remoteJid":"119907232518296@lid","source":"whatsapp-stable","timestamp":"2026-04-30T01:56:02.001Z"}
{"fromMe":false,"hasMessage":true,"level":"info","message":"incoming_message","messageType":"conversation","remoteJid":"119907232518296@lid","source":"whatsapp-stable","timestamp":"2026-04-30T01:56:11.744Z"}
{"level":"info","message":"message_processing_start","messageId":"AC861E7A26A25B098627C5D8A12212FA","processingUsersCount":0,"source":"whatsapp-stable","textLength":3,"timestamp":"2026-04-30T01:56:11.744Z","userId":"119907232518296@lid"}
{"fromMe":true,"hasMessage":true,"level":"info","message":"incoming_message","messageType":"extendedTextMessage","remoteJid":"119907232518296@lid","source":"whatsapp-stable","timestamp":"2026-04-30T01:56:12.593Z"}
{"fromMe":false,"hasMessage":true,"level":"info","message":"incoming_message","messageType":"conversation","remoteJid":"119907232518296@lid","source":"whatsapp-stable","timestamp":"2026-04-30T01:56:19.613Z"}
{"level":"info","message":"message_processing_start","messageId":"AC113265E9838DBDBF97FA0EB03A0A46","processingUsersCount":0,"source":"whatsapp-stable","textLength":1,"timestamp":"2026-04-30T01:56:19.613Z","userId":"119907232518296@lid"}
{"fromMe":true,"hasMessage":true,"level":"info","message":"incoming_message","messageType":"extendedTextMessage","remoteJid":"119907232518296@lid","source":"whatsapp-stable","timestamp":"2026-04-30T01:56:20.537Z"}
{"fromMe":false,"hasMessage":true,"level":"info","message":"incoming_message","messageType":"conversation","remoteJid":"119907232518296@lid","source":"whatsapp-stable","timestamp":"2026-04-30T01:56:26.285Z"}
{"level":"info","message":"message_processing_start","messageId":"AC1E7A8582EE474C2B1C683DBAF94DD2","processingUsersCount":0,"source":"whatsapp-stable","textLength":3,"timestamp":"2026-04-30T01:56:26.286Z","userId":"119907232518296@lid"}
{"fromMe":true,"hasMessage":true,"level":"info","message":"incoming_message","messageType":"extendedTextMessage","remoteJid":"119907232518296@lid","source":"whatsapp-stable","timestamp":"2026-04-30T01:56:27.132Z"}
{"fromMe":false,"hasMessage":true,"level":"info","message":"incoming_message","messageType":"conversation","remoteJid":"119907232518296@lid","source":"whatsapp-stable","timestamp":"2026-04-30T01:56:46.559Z"}
{"level":"info","message":"message_processing_start","messageId":"AC1436397DF620FE4ADB42AA2E09B001","processingUsersCount":0,"source":"whatsapp-stable","textLength":4,"timestamp":"2026-04-30T01:56:46.560Z","userId":"119907232518296@lid"}
{"fromMe":true,"hasMessage":true,"level":"info","message":"incoming_message","messageType":"extendedTextMessage","remoteJid":"119907232518296@lid","source":"whatsapp-stable","timestamp":"2026-04-30T01:56:47.405Z"}
{"fromMe":false,"hasMessage":true,"level":"info","message":"incoming_message","messageType":"senderKeyDistributionMessage","remoteJid":"917748823733-1621785442@g.us","source":"whatsapp-stable","timestamp":"2026-04-30T01:57:29.303Z"}
{"fromMe":true,"hasMessage":true,"level":"info","message":"incoming_message","messageType":"conversation","remoteJid":"119907232518296@lid","source":"whatsapp-stable","timestamp":"2026-04-30T02:08:22.125Z"}
{"fromMe":true,"hasMessage":true,"level":"info","message":"incoming_message","messageType":"conversation","remoteJid":"119907232518296@lid","source":"whatsapp-stable","timestamp":"2026-04-30T02:08:48.992Z"}
{"fromMe":false,"hasMessage":true,"level":"info","message":"incoming_message","messageType":"conversation","remoteJid":"119907232518296@lid","source":"whatsapp-stable","timestamp":"2026-04-30T02:09:04.440Z"}
{"level":"info","message":"message_processing_start","messageId":"ACA6F6B16C4B567870AA4A801E9AA252","processingUsersCount":0,"source":"whatsapp-stable","textLength":12,"timestamp":"2026-04-30T02:09:04.441Z","userId":"119907232518296@lid"}
{"fromMe":true,"hasMessage":true,"level":"info","message":"incoming_message","messageType":"extendedTextMessage","remoteJid":"119907232518296@lid","source":"whatsapp-stable","timestamp":"2026-04-30T02:09:05.296Z"}
{"fromMe":false,"hasMessage":true,"level":"info","message":"incoming_message","messageType":"conversation","remoteJid":"119907232518296@lid","source":"whatsapp-stable","timestamp":"2026-04-30T02:09:38.546Z"}
{"level":"info","message":"message_processing_start","messageId":"AC772B89A5F91E535DF1F2BC82CBA375","processingUsersCount":0,"source":"whatsapp-stable","textLength":31,"timestamp":"2026-04-30T02:09:38.547Z","userId":"119907232518296@lid"}
{"fromMe":true,"hasMessage":true,"level":"info","message":"incoming_message","messageType":"extendedTextMessage","remoteJid":"119907232518296@lid","source":"whatsapp-stable","timestamp":"2026-04-30T02:09:39.449Z"}
{"fromMe":false,"hasMessage":true,"level":"info","message":"incoming_message","messageType":"conversation","remoteJid":"119907232518296@lid","source":"whatsapp-stable","timestamp":"2026-04-30T02:10:02.768Z"}
{"level":"info","message":"message_processing_start","messageId":"ACC57C0A8E81AA3E6AE875B99E7D7404","processingUsersCount":0,"source":"whatsapp-stable","textLength":1,"timestamp":"2026-04-30T02:10:02.768Z","userId":"119907232518296@lid"}
{"fromMe":true,"hasMessage":true,"level":"info","message":"incoming_message","messageType":"extendedTextMessage","remoteJid":"119907232518296@lid","source":"whatsapp-stable","timestamp":"2026-04-30T02:10:03.754Z"}
{"fromMe":false,"hasMessage":true,"level":"info","message":"incoming_message","messageType":"extendedTextMessage","remoteJid":"120363040001136790@g.us","source":"whatsapp-stable","timestamp":"2026-04-30T02:11:26.647Z"}
{"level":"info","message":"message_processing_start","messageId":"AC2BE7D446E891AB9E3853CCBDFB4B27","processingUsersCount":0,"source":"whatsapp-stable","textLength":3670,"timestamp":"2026-04-30T02:11:26.648Z","userId":"120363040001136790@g.us"}
{"fromMe":true,"hasMessage":true,"level":"info","message":"incoming_message","messageType":"extendedTextMessage","remoteJid":"120363040001136790@g.us","source":"whatsapp-stable","timestamp":"2026-04-30T02:13:06.699Z"}
{"fromMe":false,"hasMessage":false,"level":"info","message":"incoming_message","messageType":"none","remoteJid":"120363402685031018@g.us","source":"whatsapp-stable","timestamp":"2026-04-30T02:16:43.627Z"}
{"fromMe":false,"hasMessage":true,"level":"info","message":"incoming_message","messageType":"conversation","remoteJid":"119907232518296@lid","source":"whatsapp-stable","timestamp":"2026-04-30T02:17:50.512Z"}
{"level":"info","message":"message_processing_start","messageId":"ACAF57ADD140255A80F624F43753E3DE","processingUsersCount":0,"source":"whatsapp-stable","textLength":28,"timestamp":"2026-04-30T02:17:50.512Z","userId":"119907232518296@lid"}
{"fromMe":false,"hasMessage":true,"level":"info","message":"incoming_message","messageType":"conversation","remoteJid":"119907232518296@lid","source":"whatsapp-stable","timestamp":"2026-04-30T02:17:50.757Z"}
{"fromMe":true,"hasMessage":true,"level":"info","message":"incoming_message","messageType":"extendedTextMessage","remoteJid":"119907232518296@lid","source":"whatsapp-stable","timestamp":"2026-04-30T02:17:51.347Z"}
{"connection":"close","hasPairingCode":false,"hasQR":false,"level":"info","message":"connection.update","source":"whatsapp-stable","timestamp":"2026-04-30T02:21:54.090Z"}
{"connection":"connecting","hasPairingCode":false,"hasQR":false,"level":"info","message":"connection.update","source":"whatsapp-stable","timestamp":"2026-04-30T02:22:04.238Z"}
{"hasPairingCode":false,"hasQR":false,"level":"info","message":"connection.update","source":"whatsapp-stable","timestamp":"2026-04-30T02:22:05.687Z"}
{"hasPairingCode":false,"hasQR":false,"level":"info","message":"connection.update","source":"whatsapp-stable","timestamp":"2026-04-30T02:22:05.855Z"}
{"connection":"open","hasPairingCode":false,"hasQR":false,"level":"info","message":"connection.update","source":"whatsapp-stable","timestamp":"2026-04-30T02:22:05.856Z"}
{"fromMe":true,"hasMessage":false,"level":"info","message":"incoming_message","messageType":"none","remoteJid":"119907232518296@lid","source":"whatsapp-stable","timestamp":"2026-04-30T02:22:12.185Z"}
{"fromMe":true,"hasMessage":false,"level":"info","message":"incoming_message","messageType":"none","remoteJid":"119907232518296@lid","source":"whatsapp-stable","timestamp":"2026-04-30T02:22:12.186Z"}
{"fromMe":true,"hasMessage":true,"level":"info","message":"incoming_message","messageType":"protocolMessage","remoteJid":"919888601933@s.whatsapp.net","source":"whatsapp-stable","timestamp":"2026-04-30T02:22:12.254Z"}
{"fromMe":true,"hasMessage":false,"level":"info","message":"incoming_message","messageType":"none","remoteJid":"119907232518296@lid","source":"whatsapp-stable","timestamp":"2026-04-30T02:22:12.291Z"}
{"fromMe":true,"hasMessage":true,"level":"info","message":"incoming_message","messageType":"conversation","remoteJid":"917087561933@s.whatsapp.net","source":"whatsapp-stable","timestamp":"2026-04-30T02:22:12.762Z"}
{"fromMe":true,"hasMessage":true,"level":"info","message":"incoming_message","messageType":"protocolMessage","remoteJid":"919888601933@s.whatsapp.net","source":"whatsapp-stable","timestamp":"2026-04-30T02:22:16.773Z"}
{"fromMe":true,"hasMessage":true,"level":"info","message":"incoming_message","messageType":"conversation","remoteJid":"119907232518296@lid","source":"whatsapp-stable","timestamp":"2026-04-30T02:22:16.813Z"}
{"fromMe":true,"hasMessage":true,"level":"info","message":"incoming_message","messageType":"conversation","remoteJid":"917087561933@s.whatsapp.net","source":"whatsapp-stable","timestamp":"2026-04-30T02:22:17.285Z"}
{"fromMe":true,"hasMessage":true,"level":"info","message":"incoming_message","messageType":"conversation","remoteJid":"119907232518296@lid","source":"whatsapp-stable","timestamp":"2026-04-30T02:22:17.389Z"}
{"fromMe":false,"hasMessage":true,"level":"info","message":"incoming_message","messageType":"senderKeyDistributionMessage","remoteJid":"status@broadcast","source":"whatsapp-stable","timestamp":"2026-04-30T02:24:55.236Z"}
{"fromMe":false,"hasMessage":true,"level":"info","message":"incoming_message","messageType":"protocolMessage","remoteJid":"status@broadcast","source":"whatsapp-stable","timestamp":"2026-04-30T02:25:10.115Z"}
{"fromMe":false,"hasMessage":true,"level":"info","message":"incoming_message","messageType":"protocolMessage","remoteJid":"status@broadcast","source":"whatsapp-stable","timestamp":"2026-04-30T02:25:11.121Z"}
{"fromMe":false,"hasMessage":true,"level":"info","message":"incoming_message","messageType":"senderKeyDistributionMessage","remoteJid":"status@broadcast","source":"whatsapp-stable","timestamp":"2026-04-30T02:29:50.475Z"}
{"fromMe":false,"hasMessage":true,"level":"info","message":"incoming_message","messageType":"videoMessage","remoteJid":"status@broadcast","source":"whatsapp-stable","timestamp":"2026-04-30T02:31:18.577Z"}
{"fromMe":false,"hasMessage":true,"level":"info","message":"incoming_message","messageType":"protocolMessage","remoteJid":"status@broadcast","source":"whatsapp-stable","timestamp":"2026-04-30T02:31:34.960Z"}
{"fromMe":false,"hasMessage":true,"level":"info","message":"incoming_message","messageType":"protocolMessage","remoteJid":"status@broadcast","source":"whatsapp-stable","timestamp":"2026-04-30T02:31:37.571Z"}
{"fromMe":false,"hasMessage":true,"level":"info","message":"incoming_message","messageType":"senderKeyDistributionMessage","remoteJid":"status@broadcast","source":"whatsapp-stable","timestamp":"2026-04-30T02:31:51.706Z"}
{"fromMe":false,"hasMessage":true,"level":"info","message":"incoming_message","messageType":"videoMessage","remoteJid":"status@broadcast","source":"whatsapp-stable","timestamp":"2026-04-30T02:31:59.492Z"}
{"fromMe":false,"hasMessage":true,"level":"info","message":"incoming_message","messageType":"videoMessage","remoteJid":"status@broadcast","source":"whatsapp-stable","timestamp":"2026-04-30T02:32:25.827Z"}
{"fromMe":false,"hasMessage":true,"level":"info","message":"incoming_message","messageType":"senderKeyDistributionMessage","remoteJid":"status@broadcast","source":"whatsapp-stable","timestamp":"2026-04-30T02:32:57.728Z"}
{"level":"info","message":"message_processing_start","messageId":"ACD67AA309D485D341A49CC370D87306","processingUsersCount":0,"source":"whatsapp-stable","textLength":27,"timestamp":"2026-04-30T02:32:57.728Z","userId":"status@broadcast"}
{"fromMe":true,"hasMessage":true,"level":"info","message":"incoming_message","messageType":"extendedTextMessage","remoteJid":"status@broadcast","source":"whatsapp-stable","timestamp":"2026-04-30T02:33:00.612Z"}
{"fromMe":false,"hasMessage":true,"level":"info","message":"incoming_message","messageType":"videoMessage","remoteJid":"status@broadcast","source":"whatsapp-stable","timestamp":"2026-04-30T02:35:04.722Z"}
{"level":"info","message":"message_processing_start","messageId":"ACC0153A3CE4882C9D737A11114ACFEC","processingUsersCount":0,"source":"whatsapp-stable","textLength":54,"timestamp":"2026-04-30T02:35:04.723Z","userId":"status@broadcast"}
{"fromMe":true,"hasMessage":true,"level":"info","message":"incoming_message","messageType":"extendedTextMessage","remoteJid":"status@broadcast","source":"whatsapp-stable","timestamp":"2026-04-30T02:35:05.107Z"}
{"fromMe":false,"hasMessage":true,"level":"info","message":"incoming_message","messageType":"senderKeyDistributionMessage","remoteJid":"status@broadcast","source":"whatsapp-stable","timestamp":"2026-04-30T02:35:05.108Z"}
{"fromMe":false,"hasMessage":true,"level":"info","message":"incoming_message","messageType":"videoMessage","remoteJid":"120363040001136790@g.us","source":"whatsapp-stable","timestamp":"2026-04-30T02:36:07.532Z"}
{"level":"info","message":"message_processing_start","messageId":"AC908992F80E311028EE93377B2E836F","processingUsersCount":0,"source":"whatsapp-stable","textLength":154,"timestamp":"2026-04-30T02:36:07.532Z","userId":"120363040001136790@g.us"}
{"fromMe":true,"hasMessage":true,"level":"info","message":"incoming_message","messageType":"extendedTextMessage","remoteJid":"120363040001136790@g.us","source":"whatsapp-stable","timestamp":"2026-04-30T02:39:07.081Z"}
{"fromMe":false,"hasMessage":true,"level":"info","message":"incoming_message","messageType":"senderKeyDistributionMessage","remoteJid":"status@broadcast","source":"whatsapp-stable","timestamp":"2026-04-30T02:48:01.817Z"}
{"fromMe":false,"hasMessage":true,"level":"info","message":"incoming_message","messageType":"senderKeyDistributionMessage","remoteJid":"status@broadcast","source":"whatsapp-stable","timestamp":"2026-04-30T02:49:54.524Z"}
{"fromMe":false,"hasMessage":true,"level":"info","message":"incoming_message","messageType":"imageMessage","remoteJid":"status@broadcast","source":"whatsapp-stable","timestamp":"2026-04-30T02:50:44.476Z"}
{"fromMe":false,"hasMessage":true,"level":"info","message":"incoming_message","messageType":"imageMessage","remoteJid":"status@broadcast","source":"whatsapp-stable","timestamp":"2026-04-30T02:50:49.035Z"}
{"fromMe":false,"hasMessage":true,"level":"info","message":"incoming_message","messageType":"senderKeyDistributionMessage","remoteJid":"status@broadcast","source":"whatsapp-stable","timestamp":"2026-04-30T02:52:20.721Z"}
{"fromMe":false,"hasMessage":true,"level":"info","message":"incoming_message","messageType":"videoMessage","remoteJid":"status@broadcast","source":"whatsapp-stable","timestamp":"2026-04-30T02:55:10.566Z"}
{"fromMe":false,"hasMessage":true,"level":"info","message":"incoming_message","messageType":"senderKeyDistributionMessage","remoteJid":"120363040001136790@g.us","source":"whatsapp-stable","timestamp":"2026-04-30T02:59:27.541Z"}
{"fromMe":false,"hasMessage":true,"level":"info","message":"incoming_message","messageType":"senderKeyDistributionMessage","remoteJid":"status@broadcast","source":"whatsapp-stable","timestamp":"2026-04-30T03:02:40.575Z"}
{"fromMe":false,"hasMessage":true,"level":"info","message":"incoming_message","messageType":"senderKeyDistributionMessage","remoteJid":"status@broadcast","source":"whatsapp-stable","timestamp":"2026-04-30T03:07:50.311Z"}
{"level":"info","message":"message_processing_start","messageId":"3AE8C45A9ACCDEE9365E","processingUsersCount":0,"source":"whatsapp-stable","textLength":88,"timestamp":"2026-04-30T03:07:50.317Z","userId":"status@broadcast"}
{"fromMe":true,"hasMessage":true,"level":"info","message":"incoming_message","messageType":"extendedTextMessage","remoteJid":"status@broadcast","source":"whatsapp-stable","timestamp":"2026-04-30T03:07:51.809Z"}
{"fromMe":false,"hasMessage":true,"level":"info","message":"incoming_message","messageType":"senderKeyDistributionMessage","remoteJid":"status@broadcast","source":"whatsapp-stable","timestamp":"2026-04-30T03:07:51.809Z"}
{"fromMe":false,"hasMessage":true,"level":"info","message":"incoming_message","messageType":"senderKeyDistributionMessage","remoteJid":"status@broadcast","source":"whatsapp-stable","timestamp":"2026-04-30T03:08:29.915Z"}
{"level":"info","message":"message_processing_start","messageId":"AC1466D14235A30D71AECD2137550577","processingUsersCount":0,"source":"whatsapp-stable","textLength":42,"timestamp":"2026-04-30T03:08:29.915Z","userId":"status@broadcast"}
{"fromMe":true,"hasMessage":true,"level":"info","message":"incoming_message","messageType":"extendedTextMessage","remoteJid":"status@broadcast","source":"whatsapp-stable","timestamp":"2026-04-30T03:08:31.832Z"}
{"fromMe":false,"hasMessage":true,"level":"info","message":"incoming_message","messageType":"videoMessage","remoteJid":"status@broadcast","source":"whatsapp-stable","timestamp":"2026-04-30T03:08:31.833Z"}
{"fromMe":false,"hasMessage":true,"level":"info","message":"incoming_message","messageType":"senderKeyDistributionMessage","remoteJid":"status@broadcast","source":"whatsapp-stable","timestamp":"2026-04-30T03:11:09.484Z"}
{"fromMe":false,"hasMessage":true,"level":"info","message":"incoming_message","messageType":"protocolMessage","remoteJid":"status@broadcast","source":"whatsapp-stable","timestamp":"2026-04-30T03:11:11.151Z"}
{"connection":"close","hasPairingCode":false,"hasQR":false,"level":"info","message":"connection.update","source":"whatsapp-stable","timestamp":"2026-04-30T03:12:16.987Z"}
{"connection":"connecting","hasPairingCode":false,"hasQR":false,"level":"info","message":"connection.update","source":"whatsapp-stable","timestamp":"2026-04-30T03:12:27.165Z"}
{"hasPairingCode":false,"hasQR":false,"level":"info","message":"connection.update","source":"whatsapp-stable","timestamp":"2026-04-30T03:12:28.390Z"}
{"hasPairingCode":false,"hasQR":false,"level":"info","message":"connection.update","source":"whatsapp-stable","timestamp":"2026-04-30T03:12:29.142Z"}
{"connection":"open","hasPairingCode":false,"hasQR":false,"level":"info","message":"connection.update","source":"whatsapp-stable","timestamp":"2026-04-30T03:12:29.143Z"}
{"fromMe":false,"hasMessage":true,"level":"info","message":"incoming_message","messageType":"imageMessage","remoteJid":"status@broadcast","source":"whatsapp-stable","timestamp":"2026-04-30T03:12:51.112Z"}
{"fromMe":false,"hasMessage":true,"level":"info","message":"incoming_message","messageType":"senderKeyDistributionMessage","remoteJid":"120363329766627991@g.us","source":"whatsapp-stable","timestamp":"2026-04-30T03:20:37.298Z"}
{"level":"info","message":"message_processing_start","messageId":"AC5457CB11B321D74E334FD74BE7484E","processingUsersCount":0,"source":"whatsapp-stable","textLength":661,"timestamp":"2026-04-30T03:20:37.300Z","userId":"120363329766627991@g.us"}
{"fromMe":true,"hasMessage":true,"level":"info","message":"incoming_message","messageType":"extendedTextMessage","remoteJid":"120363329766627991@g.us","source":"whatsapp-stable","timestamp":"2026-04-30T03:23:25.110Z"}
{"fromMe":false,"hasMessage":true,"level":"info","message":"incoming_message","messageType":"senderKeyDistributionMessage","remoteJid":"status@broadcast","source":"whatsapp-stable","timestamp":"2026-04-30T03:24:35.592Z"}
{"fromMe":false,"hasMessage":true,"level":"info","message":"incoming_message","messageType":"senderKeyDistributionMessage","remoteJid":"status@broadcast","source":"whatsapp-stable","timestamp":"2026-04-30T03:32:09.766Z"}
{"fromMe":false,"hasMessage":true,"level":"info","message":"incoming_message","messageType":"videoMessage","remoteJid":"status@broadcast","source":"whatsapp-stable","timestamp":"2026-04-30T03:32:10.367Z"}
{"fromMe":false,"hasMessage":true,"level":"info","message":"incoming_message","messageType":"senderKeyDistributionMessage","remoteJid":"status@broadcast","source":"whatsapp-stable","timestamp":"2026-04-30T03:49:47.519Z"}
{"level":"info","message":"message_processing_start","messageId":"AC6BCDEE6279BE9FB78CCEFAD04AD837","processingUsersCount":0,"source":"whatsapp-stable","textLength":67,"timestamp":"2026-04-30T03:49:47.523Z","userId":"status@broadcast"}
{"fromMe":true,"hasMessage":true,"level":"info","message":"incoming_message","messageType":"extendedTextMessage","remoteJid":"status@broadcast","source":"whatsapp-stable","timestamp":"2026-04-30T03:50:04.745Z"}
{"fromMe":false,"hasMessage":true,"level":"info","message":"incoming_message","messageType":"videoMessage","remoteJid":"status@broadcast","source":"whatsapp-stable","timestamp":"2026-04-30T03:50:12.237Z"}
{"fromMe":false,"hasMessage":true,"level":"info","message":"incoming_message","messageType":"extendedTextMessage","remoteJid":"status@broadcast","source":"whatsapp-stable","timestamp":"2026-04-30T03:51:51.079Z"}
{"level":"info","message":"message_processing_start","messageId":"AC43CAAFE6FB986B79C6587C97B8569D","processingUsersCount":0,"source":"whatsapp-stable","textLength":58,"timestamp":"2026-04-30T03:51:51.080Z","userId":"status@broadcast"}
{"fromMe":true,"hasMessage":true,"level":"info","message":"incoming_message","messageType":"extendedTextMessage","remoteJid":"status@broadcast","source":"whatsapp-stable","timestamp":"2026-04-30T03:52:51.683Z"}
{"fromMe":false,"hasMessage":true,"level":"info","message":"incoming_message","messageType":"senderKeyDistributionMessage","remoteJid":"status@broadcast","source":"whatsapp-stable","timestamp":"2026-04-30T04:14:09.510Z"}
{"fromMe":false,"hasMessage":true,"level":"info","message":"incoming_message","messageType":"senderKeyDistributionMessage","remoteJid":"status@broadcast","source":"whatsapp-stable","timestamp":"2026-04-30T04:15:17.202Z"}
{"fromMe":false,"hasMessage":true,"level":"info","message":"incoming_message","messageType":"protocolMessage","remoteJid":"status@broadcast","source":"whatsapp-stable","timestamp":"2026-04-30T04:16:42.621Z"}
{"fromMe":false,"hasMessage":true,"level":"info","message":"incoming_message","messageType":"senderKeyDistributionMessage","remoteJid":"status@broadcast","source":"whatsapp-stable","timestamp":"2026-04-30T04:19:13.137Z"}
{"fromMe":false,"hasMessage":true,"level":"info","message":"incoming_message","messageType":"senderKeyDistributionMessage","remoteJid":"status@broadcast","source":"whatsapp-stable","timestamp":"2026-04-30T04:21:28.457Z"}
{"level":"info","message":"message_processing_start","messageId":"AC4005FC00B333F2EC2778BD206C8FAD","processingUsersCount":0,"source":"whatsapp-stable","textLength":495,"timestamp":"2026-04-30T04:21:28.457Z","userId":"status@broadcast"}
{"fromMe":true,"hasMessage":true,"level":"info","message":"incoming_message","messageType":"extendedTextMessage","remoteJid":"status@broadcast","source":"whatsapp-stable","timestamp":"2026-04-30T04:22:27.486Z"}
{"fromMe":false,"hasMessage":true,"level":"info","message":"incoming_message","messageType":"senderKeyDistributionMessage","remoteJid":"status@broadcast","source":"whatsapp-stable","timestamp":"2026-04-30T04:24:16.641Z"}
{"fromMe":false,"hasMessage":true,"level":"info","message":"incoming_message","messageType":"senderKeyDistributionMessage","remoteJid":"status@broadcast","source":"whatsapp-stable","timestamp":"2026-04-30T04:24:20.524Z"}
{"fromMe":false,"hasMessage":true,"level":"info","message":"incoming_message","messageType":"imageMessage","remoteJid":"120363040001136790@g.us","source":"whatsapp-stable","timestamp":"2026-04-30T04:25:23.857Z"}
{"level":"info","message":"message_processing_start","messageId":"ACDA1B464A1501AD71CFC53635CDE0BC","processingUsersCount":0,"source":"whatsapp-stable","textLength":2024,"timestamp":"2026-04-30T04:25:23.858Z","userId":"120363040001136790@g.us"}
{"fromMe":true,"hasMessage":true,"level":"info","message":"incoming_message","messageType":"extendedTextMessage","remoteJid":"120363040001136790@g.us","source":"whatsapp-stable","timestamp":"2026-04-30T04:25:50.655Z"}
{"fromMe":false,"hasMessage":true,"level":"info","message":"incoming_message","messageType":"senderKeyDistributionMessage","remoteJid":"120363040001136790@g.us","source":"whatsapp-stable","timestamp":"2026-04-30T04:28:40.770Z"}
{"fromMe":false,"hasMessage":true,"level":"info","message":"incoming_message","messageType":"senderKeyDistributionMessage","remoteJid":"status@broadcast","source":"whatsapp-stable","timestamp":"2026-04-30T04:42:30.111Z"}
{"fromMe":false,"hasMessage":true,"level":"info","message":"incoming_message","messageType":"protocolMessage","remoteJid":"status@broadcast","source":"whatsapp-stable","timestamp":"2026-04-30T04:42:31.081Z"}
